2009-01-02 15:11:17 Doug         ERROR    divide by zero
Traceback (most recent call last):
  File "/home/dfarrell/dev/logging_server/project/loggingtest.py", line 17, in <module>
    y = 10 / 0
ZeroDivisionError: integer division or modulo by zero
2009-01-02 15:11:17 Doug         CRITICAL Here's a critical message from Doug
2009-01-02 15:11:17 Doug         DEBUG    hello there
2009-01-02 15:11:17 Doug         INFO     Here's some info from logger Doug
2009-01-02 15:11:17 Doug         CRITICAL Here's a critical message from Doug
2009-01-02 15:11:17 Doug         INFO     here's the value of x = 0.80 from process Doug
2009-01-02 15:11:18 Doug         INFO     here's the value of x = 0.76 from process Doug
2009-01-02 15:11:19 Doug         INFO     here's the value of x = 0.36 from process Doug
2009-01-02 15:11:19 Doug         INFO     here's the value of x = 0.42 from process Doug
2009-01-02 15:11:20 Doug         INFO     here's the value of x = 0.75 from process Doug
2009-01-02 15:11:20 Doug         INFO     here's the value of x = 0.20 from process Doug
2009-01-02 15:11:20 Doug         INFO     here's the value of x = 0.38 from process Doug
2009-01-02 15:11:21 Doug         INFO     here's the value of x = 0.76 from process Doug
2009-01-02 15:11:22 Doug         INFO     here's the value of x = 0.02 from process Doug
2009-01-02 15:11:22 Doug         INFO     here's the value of x = 0.68 from process Doug
2009-01-02 15:11:22 Doug         INFO     here's the value of x = 0.45 from process Doug
2009-01-02 15:11:23 Doug         INFO     here's the value of x = 0.81 from process Doug
2009-01-02 15:11:24 Doug         INFO     here's the value of x = 0.93 from process Doug
2009-01-02 15:11:25 Doug         INFO     here's the value of x = 0.64 from process Doug
2009-01-02 15:11:25 Doug         INFO     here's the value of x = 0.22 from process Doug
2009-01-02 15:11:25 Doug         INFO     here's the value of x = 0.32 from process Doug
2009-01-02 15:11:26 Doug         INFO     here's the value of x = 0.85 from process Doug
2009-01-02 15:11:27 Doug         INFO     here's the value of x = 0.57 from process Doug
2009-01-02 15:11:27 Doug         INFO     here's the value of x = 0.10 from process Doug
2009-01-02 15:11:27 Doug         INFO     here's the value of x = 0.19 from process Doug
2009-01-02 15:11:27 Doug         INFO     here's the value of x = 0.41 from process Doug
2009-01-02 15:11:28 Doug         INFO     here's the value of x = 0.04 from process Doug
2009-01-02 15:11:28 Doug         INFO     here's the value of x = 0.78 from process Doug
2009-01-02 15:11:29 Doug         INFO     here's the value of x = 0.65 from process Doug
2009-01-02 15:11:29 Doug         INFO     here's the value of x = 0.10 from process Doug
2009-01-02 15:11:29 Doug         INFO     here's the value of x = 0.78 from process Doug
2009-01-02 15:11:30 Doug         INFO     here's the value of x = 0.21 from process Doug
2009-01-02 15:11:30 Doug         INFO     here's the value of x = 0.25 from process Doug
2009-01-02 15:11:31 Doug         INFO     here's the value of x = 0.10 from process Doug
2009-01-02 15:11:31 Doug         INFO     here's the value of x = 0.84 from process Doug
2009-01-02 15:11:32 Doug         INFO     here's the value of x = 0.48 from process Doug
2009-01-02 15:11:32 Doug         INFO     here's the value of x = 0.38 from process Doug
2009-01-02 15:11:32 Doug         INFO     here's the value of x = 0.85 from process Doug
2009-01-02 15:11:33 Doug         INFO     here's the value of x = 0.02 from process Doug
2009-01-02 15:11:33 Doug         INFO     here's the value of x = 0.94 from process Doug
2009-01-02 15:11:34 Doug         INFO     here's the value of x = 0.31 from process Doug
2009-01-02 15:11:35 Doug         INFO     here's the value of x = 0.00 from process Doug
2009-01-02 15:11:35 Doug         INFO     here's the value of x = 0.64 from process Doug
2009-01-02 15:11:35 Doug         INFO     here's the value of x = 0.64 from process Doug
2009-01-02 15:11:36 Doug         INFO     here's the value of x = 0.55 from process Doug
2009-01-02 15:11:36 Doug         INFO     here's the value of x = 0.76 from process Doug
2009-01-02 15:11:37 Doug         INFO     here's the value of x = 0.46 from process Doug
2009-01-02 15:11:38 Doug         INFO     here's the value of x = 0.17 from process Doug
2009-01-02 15:11:38 Doug         INFO     here's the value of x = 0.59 from process Doug
2009-01-02 15:11:38 Doug         INFO     here's the value of x = 0.10 from process Doug
2009-01-02 15:11:39 Doug         INFO     here's the value of x = 0.14 from process Doug
2009-01-02 15:11:39 Doug         INFO     here's the value of x = 0.06 from process Doug
2009-01-02 15:11:39 Doug         INFO     here's the value of x = 0.62 from process Doug
2009-01-02 15:11:39 Doug         INFO     here's the value of x = 0.34 from process Doug
2009-01-02 15:11:40 Doug         INFO     here's the value of x = 0.36 from process Doug
2009-01-02 15:11:40 Doug         INFO     here's the value of x = 0.42 from process Doug
2009-01-02 15:11:40 Doug         INFO     here's the value of x = 0.71 from process Doug
2009-01-02 15:11:41 Doug         INFO     here's the value of x = 0.61 from process Doug
2009-01-02 15:11:42 Doug         INFO     here's the value of x = 0.19 from process Doug
2009-01-02 15:11:42 Doug         INFO     here's the value of x = 0.62 from process Doug
2009-01-02 15:11:43 Doug         INFO     here's the value of x = 0.88 from process Doug
2009-01-02 15:11:44 Doug         INFO     here's the value of x = 0.26 from process Doug
2009-01-02 15:11:44 Doug         INFO     here's the value of x = 0.64 from process Doug
2009-01-02 15:11:44 Doug         INFO     here's the value of x = 0.29 from process Doug
2009-01-02 15:11:45 Doug         INFO     here's the value of x = 0.62 from process Doug
2009-01-02 15:11:45 Doug         INFO     here's the value of x = 0.96 from process Doug
2009-01-02 15:11:46 Doug         INFO     here's the value of x = 0.96 from process Doug
2009-01-02 15:11:47 Doug         INFO     here's the value of x = 0.93 from process Doug
2009-01-02 15:11:48 Doug         INFO     here's the value of x = 0.40 from process Doug
2009-01-02 15:11:49 Doug         INFO     here's the value of x = 0.97 from process Doug
2009-01-02 15:11:50 Doug         INFO     here's the value of x = 0.50 from process Doug
2009-01-02 15:11:50 Doug         INFO     here's the value of x = 0.03 from process Doug
2009-01-02 15:11:50 Doug         INFO     here's the value of x = 0.17 from process Doug
2009-01-02 15:11:50 Doug         INFO     here's the value of x = 0.58 from process Doug
2009-01-02 15:11:51 Doug         INFO     here's the value of x = 0.36 from process Doug
2009-01-02 15:11:51 Doug         INFO     here's the value of x = 0.27 from process Doug
2009-01-02 15:11:51 Doug         INFO     here's the value of x = 0.16 from process Doug
2009-01-02 15:11:52 Doug         INFO     here's the value of x = 0.54 from process Doug
2009-01-02 15:11:52 Doug         INFO     here's the value of x = 0.33 from process Doug
2009-01-02 15:11:52 Doug         INFO     here's the value of x = 0.83 from process Doug
2009-01-02 15:11:53 Doug         INFO     here's the value of x = 0.66 from process Doug
2009-01-02 15:11:54 Doug         INFO     here's the value of x = 0.28 from process Doug
2009-01-02 15:11:54 Doug         INFO     here's the value of x = 0.71 from process Doug
2009-01-02 15:11:55 Doug         INFO     here's the value of x = 0.45 from process Doug
2009-01-02 15:11:55 Doug         INFO     here's the value of x = 0.12 from process Doug
2009-01-02 15:11:56 Doug         INFO     here's the value of x = 0.06 from process Doug
2009-01-02 15:11:56 Doug         INFO     here's the value of x = 0.53 from process Doug
2009-01-02 15:11:56 Doug         INFO     here's the value of x = 0.25 from process Doug
2009-01-02 15:11:56 Doug         INFO     here's the value of x = 0.14 from process Doug
2009-01-02 15:11:57 Doug         INFO     here's the value of x = 0.05 from process Doug
2009-01-02 15:11:57 Doug         INFO     here's the value of x = 0.06 from process Doug
2009-01-02 15:11:57 Doug         INFO     here's the value of x = 0.50 from process Doug
2009-01-02 15:11:57 Doug         INFO     here's the value of x = 0.51 from process Doug
2009-01-02 15:11:58 Doug         INFO     here's the value of x = 0.33 from process Doug
2009-01-02 15:11:58 Doug         INFO     here's the value of x = 0.47 from process Doug
2009-01-02 15:11:59 Doug         INFO     here's the value of x = 1.00 from process Doug
2009-01-02 15:12:00 Doug         INFO     here's the value of x = 0.20 from process Doug
2009-01-02 15:12:00 Doug         INFO     here's the value of x = 0.61 from process Doug
2009-01-02 15:12:00 Doug         INFO     here's the value of x = 0.23 from process Doug
2009-01-02 15:12:01 Doug         INFO     here's the value of x = 0.08 from process Doug
2009-01-02 15:12:01 Doug         INFO     here's the value of x = 0.42 from process Doug
2009-01-02 15:12:01 Doug         INFO     here's the value of x = 0.88 from process Doug
2009-01-02 15:12:02 Doug         INFO     here's the value of x = 0.05 from process Doug
2009-01-02 15:12:02 Doug         INFO     here's the value of x = 0.75 from process Doug
2009-01-02 15:12:03 Doug         INFO     here's the value of x = 0.88 from process Doug
2009-01-02 15:12:04 Doug         INFO     here's the value of x = 1.00 from process Doug
2009-01-02 15:12:05 Doug         INFO     here's the value of x = 0.75 from process Doug
2009-01-02 15:12:05 Doug         INFO     here's the value of x = 0.75 from process Doug
2009-01-02 15:12:06 Doug         INFO     here's the value of x = 0.67 from process Doug
2009-01-02 15:12:07 Doug         INFO     here's the value of x = 0.30 from process Doug
2009-01-02 15:12:07 Doug         INFO     here's the value of x = 0.89 from process Doug
2009-01-02 15:12:08 Doug         INFO     here's the value of x = 0.14 from process Doug
2009-01-02 15:12:08 Doug         INFO     here's the value of x = 0.45 from process Doug
2009-01-02 15:12:09 Doug         INFO     here's the value of x = 0.59 from process Doug
2009-01-02 15:12:09 Doug         INFO     here's the value of x = 0.22 from process Doug
2009-01-02 15:12:09 Doug         INFO     here's the value of x = 0.88 from process Doug
2009-01-02 15:12:10 Doug         INFO     here's the value of x = 0.62 from process Doug
2009-01-02 15:12:11 Doug         INFO     here's the value of x = 0.45 from process Doug
2009-01-02 15:12:11 Doug         INFO     here's the value of x = 0.94 from process Doug
2009-01-02 16:17:08 Doug         ERROR    divide by zero
Traceback (most recent call last):
  File "/home/dfarrell/dev/logging_server/project/loggingtest.py", line 21, in <module>
    y = 10 / 0
ZeroDivisionError: integer division or modulo by zero
2009-01-02 16:17:08 Doug         CRITICAL Here's a critical message from Doug
2009-01-02 16:17:08 Doug         DEBUG    hello there
2009-01-02 16:17:08 Doug         INFO     Here's some info from logger Doug
2009-01-02 16:17:08 Doug         CRITICAL Here's a critical message from Doug
2009-01-02 16:17:08 Doug         INFO     here's the value of x = 0.75 from process Doug
2009-01-02 16:17:09 Doug         INFO     here's the value of x = 0.96 from process Doug
2009-01-02 16:17:10 Doug         INFO     here's the value of x = 0.39 from process Doug
2009-01-02 16:17:10 Doug         INFO     here's the value of x = 0.25 from process Doug
2009-01-02 16:17:10 Doug         INFO     here's the value of x = 0.95 from process Doug
2009-01-02 16:17:11 Doug         INFO     here's the value of x = 0.26 from process Doug
2009-01-02 16:17:11 Doug         INFO     here's the value of x = 0.66 from process Doug
2009-01-02 16:17:12 Doug         INFO     here's the value of x = 0.24 from process Doug
2009-01-02 16:17:12 Doug         INFO     here's the value of x = 0.74 from process Doug
2009-01-02 16:17:13 Doug         INFO     here's the value of x = 0.68 from process Doug
2009-01-02 16:17:14 Doug         INFO     here's the value of x = 0.10 from process Doug
2009-01-02 16:17:14 Doug         INFO     here's the value of x = 0.13 from process Doug
2009-01-02 16:17:14 Doug         INFO     here's the value of x = 0.95 from process Doug
2009-01-02 16:17:15 Doug         INFO     here's the value of x = 0.76 from process Doug
2009-01-02 16:17:16 Doug         INFO     here's the value of x = 0.71 from process Doug
2009-01-02 16:17:16 Doug         INFO     here's the value of x = 0.25 from process Doug
2009-01-02 16:17:17 Doug         INFO     here's the value of x = 0.28 from process Doug
2009-01-02 16:17:17 Doug         INFO     here's the value of x = 0.16 from process Doug
2009-01-02 16:17:17 Doug         INFO     here's the value of x = 0.78 from process Doug
2009-01-02 16:17:18 Doug         INFO     here's the value of x = 0.53 from process Doug
2009-01-02 16:17:18 Doug         INFO     here's the value of x = 0.54 from process Doug
2009-01-02 16:17:19 Doug         INFO     here's the value of x = 0.74 from process Doug
2009-01-02 16:17:20 Doug         INFO     here's the value of x = 0.64 from process Doug
2009-01-02 16:17:20 Doug         INFO     here's the value of x = 0.19 from process Doug
2009-01-02 16:17:21 Doug         INFO     here's the value of x = 0.38 from process Doug
2009-01-02 16:17:21 Doug         INFO     here's the value of x = 0.12 from process Doug
2009-01-02 16:17:21 Doug         INFO     here's the value of x = 0.60 from process Doug
2009-01-02 16:17:22 Doug         INFO     here's the value of x = 0.99 from process Doug
2009-01-02 16:17:23 Doug         INFO     here's the value of x = 0.96 from process Doug
2009-01-02 16:17:24 Doug         INFO     here's the value of x = 0.10 from process Doug
2009-01-02 16:17:24 Doug         INFO     here's the value of x = 0.94 from process Doug
2009-01-02 16:17:25 Doug         INFO     here's the value of x = 0.36 from process Doug
2009-01-02 16:17:25 Doug         INFO     here's the value of x = 0.81 from process Doug
2009-01-02 16:17:26 Doug         INFO     here's the value of x = 0.07 from process Doug
2009-01-02 16:17:26 Doug         INFO     here's the value of x = 0.54 from process Doug
2009-01-02 16:17:26 Doug         INFO     here's the value of x = 0.93 from process Doug
2009-01-02 16:17:27 Doug         INFO     here's the value of x = 0.72 from process Doug
2009-01-02 16:17:28 Doug         INFO     here's the value of x = 0.61 from process Doug
2009-01-02 16:17:29 Doug         INFO     here's the value of x = 0.28 from process Doug
2009-01-02 16:17:29 Doug         INFO     here's the value of x = 0.35 from process Doug
2009-01-02 16:17:29 Doug         INFO     here's the value of x = 0.64 from process Doug
2009-01-02 16:17:30 Doug         INFO     here's the value of x = 0.03 from process Doug
2009-01-02 16:17:30 Doug         INFO     here's the value of x = 0.90 from process Doug
2009-01-02 16:40:56 dougie       ERROR    divide by zero
Traceback (most recent call last):
  File "loggingtest.py", line 21, in <module>
    y = 10 / 0
ZeroDivisionError: integer division or modulo by zero
2009-01-02 16:40:56 dougie       CRITICAL Here's a critical message from dougie
2009-01-02 16:40:56 dougie       DEBUG    hello there
2009-01-02 16:40:56 dougie       INFO     Here's some info from logger dougie
2009-01-02 16:40:56 dougie       CRITICAL Here's a critical message from dougie
2009-01-02 16:40:56 dougie       INFO     here's the value of x = 0.69 from process dougie
2009-01-02 16:40:56 dougie       INFO     here's the value of x = 0.72 from process dougie
2009-01-02 16:40:57 dougie       INFO     here's the value of x = 0.83 from process dougie
2009-01-02 16:40:58 dougie       INFO     here's the value of x = 0.15 from process dougie
2009-01-02 16:40:58 dougie       INFO     here's the value of x = 0.03 from process dougie
2009-01-02 16:40:58 dougie       INFO     here's the value of x = 0.48 from process dougie
2009-01-02 16:40:59 dougie       INFO     here's the value of x = 0.19 from process dougie
2009-01-02 16:40:59 dougie       INFO     here's the value of x = 0.48 from process dougie
2009-01-02 16:40:59 dougie       INFO     here's the value of x = 0.75 from process dougie
2009-01-02 16:41:00 dougie       INFO     here's the value of x = 0.73 from process dougie
2009-01-02 16:41:01 dougie       INFO     here's the value of x = 0.78 from process dougie
2009-01-02 16:41:02 dougie       INFO     here's the value of x = 0.05 from process dougie
2009-01-02 16:41:02 dougie       INFO     here's the value of x = 0.52 from process dougie
2009-01-02 16:41:02 dougie       INFO     here's the value of x = 0.46 from process dougie
2009-01-02 16:41:03 dougie       INFO     here's the value of x = 0.18 from process dougie
2009-01-02 16:41:03 dougie       INFO     here's the value of x = 0.85 from process dougie
2009-01-02 16:41:04 dougie       INFO     here's the value of x = 0.86 from process dougie
2009-01-02 16:41:04 dougie       INFO     here's the value of x = 0.97 from process dougie
2009-01-02 16:41:05 dougie       INFO     here's the value of x = 0.83 from process dougie
2009-01-02 16:41:06 dougie       INFO     here's the value of x = 0.69 from process dougie
2009-01-02 16:41:07 dougie       INFO     here's the value of x = 0.56 from process dougie
2009-01-02 16:41:08 dougie       INFO     here's the value of x = 0.92 from process dougie
2009-01-02 16:41:08 dougie       INFO     here's the value of x = 0.47 from process dougie
2009-01-02 16:41:09 dougie       INFO     here's the value of x = 0.67 from process dougie
2009-01-02 16:41:10 dougie       INFO     here's the value of x = 0.85 from process dougie
2009-01-02 16:41:10 dougie       INFO     here's the value of x = 0.83 from process dougie
2009-01-02 16:41:11 dougie       INFO     here's the value of x = 0.66 from process dougie
2009-01-02 16:41:12 dougie       INFO     here's the value of x = 0.74 from process dougie
2009-01-02 16:41:13 dougie       INFO     here's the value of x = 0.92 from process dougie
2009-01-02 16:41:14 dougie       INFO     here's the value of x = 0.27 from process dougie
2009-01-02 16:41:14 dougie       INFO     here's the value of x = 0.80 from process dougie
2009-01-02 16:41:15 dougie       INFO     here's the value of x = 0.47 from process dougie
2009-01-02 16:41:15 dougie       INFO     here's the value of x = 0.76 from process dougie
2009-01-02 16:41:16 dougie       INFO     here's the value of x = 0.78 from process dougie
2009-01-02 16:41:17 dougie       INFO     here's the value of x = 0.12 from process dougie
2009-01-02 16:41:17 dougie       INFO     here's the value of x = 0.22 from process dougie
2009-01-02 16:41:17 dougie       INFO     here's the value of x = 0.90 from process dougie
2009-01-02 16:41:18 dougie       INFO     here's the value of x = 0.85 from process dougie
2009-01-02 16:41:19 dougie       INFO     here's the value of x = 0.38 from process dougie
2009-01-02 16:41:19 dougie       INFO     here's the value of x = 0.41 from process dougie
2009-01-02 16:41:20 dougie       INFO     here's the value of x = 0.03 from process dougie
2009-01-02 16:41:20 dougie       INFO     here's the value of x = 0.47 from process dougie
2009-01-02 16:41:20 dougie       WARNING  dougie is leaving the party
